<?xml version="1.0" encoding="UTF-8"?>
<testng-results ignored="0" total="3" passed="3" failed="0" skipped="0">
  <reporter-output>
  </reporter-output>
  <suite started-at="2024-06-11T21:54:10 IST" name="Surefire suite" finished-at="2024-06-11T21:54:14 IST" duration-ms="3394">
    <groups>
    </groups>
    <test started-at="2024-06-11T21:54:10 IST" name="Surefire test" finished-at="2024-06-11T21:54:14 IST" duration-ms="3394">
      <class name="com.example.api.tests.CurrentBTCPriceTest">
        <test-method signature="testCurrentBTCPrice()[pri:0, instance:com.example.api.tests.CurrentBTCPriceTest@1e178745]" started-at="2024-06-11T21:54:10 IST" name="testCurrentBTCPrice" finished-at="2024-06-11T21:54:12 IST" duration-ms="1477" status="PASS">
          <reporter-output>
          </reporter-output>
        </test-method> <!-- testCurrentBTCPrice -->
      </class> <!-- com.example.api.tests.CurrentBTCPriceTest -->
      <class name="com.example.api.tests.GetCurrentIPTest">
        <test-method signature="testGetCurrentIP()[pri:0, instance:com.example.api.tests.GetCurrentIPTest@192c3f1e]" started-at="2024-06-11T21:54:12 IST" name="testGetCurrentIP" finished-at="2024-06-11T21:54:12 IST" duration-ms="785" status="PASS">
          <reporter-output>
          </reporter-output>
        </test-method> <!-- testGetCurrentIP -->
      </class> <!-- com.example.api.tests.GetCurrentIPTest -->
      <class name="com.example.api.tests.RandomCatFactsTest">
        <test-method signature="testRandomCatFacts()[pri:0, instance:com.example.api.tests.RandomCatFactsTest@26b3fd41]" started-at="2024-06-11T21:54:12 IST" name="testRandomCatFacts" finished-at="2024-06-11T21:54:14 IST" duration-ms="1111" status="PASS">
          <reporter-output>
          </reporter-output>
        </test-method> <!-- testRandomCatFacts -->
      </class> <!-- com.example.api.tests.RandomCatFactsTest -->
    </test> <!-- Surefire test -->
  </suite> <!-- Surefire suite -->
</testng-results>
