<?xml version="1.0" encoding="UTF-8"?>
<testsuite xmlns:xsi="http://www.w3.org/2001/XMLSchema-instance" xsi:noNamespaceSchemaLocation="https://maven.apache.org/surefire/maven-surefire-plugin/xsd/surefire-test-report.xsd" name="TestSuite" time="3.708" tests="3" errors="0" skipped="0" failures="0">
  <properties>
[...]
</properties>
  <testcase name="testCurrentBTCPrice" classname="com.example.api.tests.CurrentBTCPriceTest" time="1.478"/>
  <testcase name="testGetCurrentIP" classname="com.example.api.tests.GetCurrentIPTest" time="0.785"/>
  <testcase name="testRandomCatFacts" classname="com.example.api.tests.RandomCatFactsTest" time="1.112"/>
</testsuite>