<?xml version="1.0" encoding="UTF-8"?>
<!-- Generated by org.testng.reporters.JUnitXMLReporter -->
<testsuite ignored="0" hostname="LAPTOP-TDP7C1KV" failures="0" tests="3" name="Surefire test" time="3.394" errors="0" timestamp="2024-06-11T21:54:14 IST">
  <testcase classname="com.example.api.tests.CurrentBTCPriceTest" name="testCurrentBTCPrice" time="1.477"/>
  <testcase classname="com.example.api.tests.GetCurrentIPTest" name="testGetCurrentIP" time="0.785"/>
  <testcase classname="com.example.api.tests.RandomCatFactsTest" name="testRandomCatFacts" time="1.111"/>
</testsuite> <!-- Surefire test -->
